[08:59:57] [main/INFO] (FabricLoader/GameProvider) Loading Minecraft 1.21.1 with Fabric Loader 0.16.14
[08:59:57] [main/INFO] (FabricLoader) Loading 68 mods:
	- azurelibarmor 3.0.1
	- cardinal-components-base 6.1.0
	- cardinal-components-entity 6.1.0
	- cloth-basic-math 0.6.1
	- cloth-config 15.0.130
	- demonhunter 2.4.5-1.21.1
	- fabric-api 0.103.0+1.21.1
	- fabric-api-base 0.4.42+6573ed8c48
	- fabric-api-lookup-api-v1 1.6.68+b559734419
	- fabric-biome-api-v1 13.0.29+5bd9f1bc19
	- fabric-block-api-v1 1.0.22+0af3f5a719
	- fabric-block-view-api-v2 1.0.10+6573ed8c19
	- fabric-blockrenderlayer-v1 1.1.52+0af3f5a719
	- fabric-client-tags-api-v1 1.1.15+6573ed8c19
	- fabric-command-api-v1 1.2.49+f71b366f19
	- fabric-command-api-v2 2.2.28+6ced4dd919
	- fabric-commands-v0 0.2.66+df3654b319
	- fabric-content-registries-v0 8.0.16+b559734419
	- fabric-convention-tags-v1 2.0.21+7f945d5b19
	- fabric-convention-tags-v2 2.6.1+9b16164119
	- fabric-crash-report-info-v1 0.2.29+0af3f5a719
	- fabric-data-attachment-api-v1 1.1.28+1daea21519
	- fabric-data-generation-api-v1 20.2.18+16c4ae2519
	- fabric-dimensions-v1 4.0.0+6fc22b9919
	- fabric-entity-events-v1 1.7.0+2122d82819
	- fabric-events-interaction-v0 0.7.12+ba9dae0619
	- fabric-game-rule-api-v1 1.0.53+6ced4dd919
	- fabric-gametest-api-v1 2.0.4+6fc22b9919
	- fabric-item-api-v1 11.0.0+afdfc92119
	- fabric-item-group-api-v1 4.1.5+3fc0e55219
	- fabric-key-binding-api-v1 1.0.47+0af3f5a719
	- fabric-keybindings-v0 0.2.45+df3654b319
	- fabric-lifecycle-events-v1 2.3.12+6c1df36019
	- fabric-loot-api-v2 3.0.14+3f89f5a519
	- fabric-loot-api-v3 1.0.2+3f89f5a519
	- fabric-message-api-v1 6.0.13+6573ed8c19
	- fabric-model-loading-api-v1 2.0.0+fe474d6b19
	- fabric-networking-api-v1 4.2.2+60c3209b19
	- fabric-object-builder-api-v1 15.2.0+40875a9319
	- fabric-particles-v1 4.0.2+6573ed8c19
	- fabric-recipe-api-v1 5.0.12+6508971219
	- fabric-registry-sync-v0 5.1.2+60c3209b19
	- fabric-renderer-api-v1 3.4.0+c705a49c19
	- fabric-renderer-indigo 1.7.0+c705a49c19
	- fabric-renderer-registries-v1 3.2.68+df3654b319
	- fabric-rendering-data-attachment-v1 0.3.48+73761d2e19
	- fabric-rendering-fluids-v1 3.1.6+1daea21519
	- fabric-rendering-v0 1.1.71+df3654b319
	- fabric-rendering-v1 5.0.5+df16efd019
	- fabric-resource-conditions-api-v1 4.3.0+8dc279b119
	- fabric-resource-loader-v0 1.3.0+5659912919
	- fabric-screen-api-v1 2.0.25+8b68f1c719
	- fabric-screen-handler-api-v1 1.3.86+b559734419
	- fabric-sound-api-v1 1.0.23+6573ed8c19
	- fabric-transfer-api-v1 5.1.17+1db1cc1f19
	- fabric-transitive-access-wideners-v1 6.1.0+1daea21519
	- fabricloader 0.16.14
	- java 21
	- minecraft 1.21.1
	- mixinextras 0.4.1
	- more_rpg_classes 2.2.2-1.21.1
	- playeranimator 2.0.0-alpha1+1.21
	- runes 1.0.3+1.21.1
	- spell_engine 1.6.12+1.21.1
	- spell_power 1.3.0+1.21.1
	- structure_pool_api 1.1.1+1.21.1
	- trinkets 3.10.0
	- wizards 2.4.2+1.21.1
[08:59:57] [main/INFO] (FabricLoader/Mixin) SpongePowered MIXIN Subsystem Version=0.8.7 Source=file:/Users/vpartain/.gradle/caches/modules-2/files-2.1/net.fabricmc/sponge-mixin/0.15.5+mixin.0.8.7/22f9eb729e216a091673a574a5906dc1b9027fb3/sponge-mixin-0.15.5+mixin.0.8.7.jar Service=Knot/Fabric Env=CLIENT
[08:59:57] [main/INFO] (FabricLoader/Mixin) Loaded Fabric development mappings for mixin remapper!
[08:59:57] [main/INFO] (FabricLoader/Mixin) Compatibility level set to JAVA_17
[08:59:57] [main/INFO] (FabricLoader/Mixin) Compatibility level set to JAVA_21
[08:59:58] [main/INFO] (FabricLoader/MixinExtras|Service) Initializing MixinExtras via com.llamalad7.mixinextras.service.MixinExtrasServiceImpl(version=0.4.1).
[08:59:59] [Datafixer Bootstrap/INFO] (Minecraft) 226 Datafixer optimizations took 351 milliseconds
[09:00:05] [Render thread/INFO] (Minecraft) Environment: Environment[sessionHost=https://sessionserver.mojang.com, servicesHost=https://api.minecraftservices.com, name=PROD]
[09:00:05] [Render thread/INFO] (Minecraft) Setting user: Player420
[09:00:05] [Render thread/INFO] (more_rpg_classes) Registering Mod Items for more_rpg_classes
[09:00:06] [Render thread/INFO] (Indigo) [Indigo] Registering Indigo renderer!
[09:00:06] [Render thread/INFO] (Minecraft) Backend library: LWJGL version 3.3.3-snapshot
[09:00:08] [Render thread/INFO] (Minecraft) Reloading ResourceManager: vanilla, fabric, cardinal-components-base, cardinal-components-entity, cloth-config, demonhunter, fabric-api, fabric-api-base, fabric-api-lookup-api-v1, fabric-biome-api-v1, fabric-block-api-v1, fabric-block-view-api-v2, fabric-blockrenderlayer-v1, fabric-client-tags-api-v1, fabric-command-api-v1, fabric-command-api-v2, fabric-commands-v0, fabric-content-registries-v0, fabric-convention-tags-v1, fabric-convention-tags-v2, fabric-crash-report-info-v1, fabric-data-attachment-api-v1, fabric-data-generation-api-v1, fabric-dimensions-v1, fabric-entity-events-v1, fabric-events-interaction-v0, fabric-game-rule-api-v1, fabric-gametest-api-v1, fabric-item-api-v1, fabric-item-group-api-v1, fabric-key-binding-api-v1, fabric-keybindings-v0, fabric-lifecycle-events-v1, fabric-loot-api-v2, fabric-loot-api-v3, fabric-message-api-v1, fabric-model-loading-api-v1, fabric-networking-api-v1, fabric-object-builder-api-v1, fabric-particles-v1, fabric-recipe-api-v1, fabric-registry-sync-v0, fabric-renderer-api-v1, fabric-renderer-indigo, fabric-renderer-registries-v1, fabric-rendering-data-attachment-v1, fabric-rendering-fluids-v1, fabric-rendering-v0, fabric-rendering-v1, fabric-resource-conditions-api-v1, fabric-resource-loader-v0, fabric-screen-api-v1, fabric-screen-handler-api-v1, fabric-sound-api-v1, fabric-transfer-api-v1, fabric-transitive-access-wideners-v1, fabricloader, more_rpg_classes, playeranimator, runes, spell_engine, spell_power, structure_pool_api, trinkets, wizards
[09:00:09] [Worker-Main-5/INFO] (Minecraft) Found unifont_all_no_pua-15.1.05.hex, loading
[09:00:09] [Worker-Main-1/INFO] (Minecraft) Found unifont_jp_patch-15.1.05.hex, loading
[09:00:10] [Worker-Main-3/WARN] (Minecraft) Unable to load model: 'demonhunter:item/metamorphosis_spellbook' referenced from: demonhunter:item/metamorphosis_spellbook: java.io.FileNotFoundException: demonhunter:models/item/metamorphosis_spellbook.json
[09:00:10] [Worker-Main-3/WARN] (Minecraft) Unable to load model: 'demonhunter:item/vengeance_spell_book' referenced from: demonhunter:item/vengeance_spell_book: java.io.FileNotFoundException: demonhunter:models/item/vengeance_spell_book.json
[09:00:10] [Worker-Main-3/WARN] (Minecraft) Unable to load model: 'demonhunter:item/vengeance_spellbook' referenced from: demonhunter:item/vengeance_spellbook: java.io.FileNotFoundException: demonhunter:models/item/vengeance_spellbook.json
[09:00:10] [Worker-Main-3/WARN] (Minecraft) Unable to load model: 'witcher_rpg:item/enhanced_fencing_scroll' referenced from: spell_engine:item/scroll: java.io.FileNotFoundException: witcher_rpg:models/item/enhanced_fencing_scroll.json
[09:00:10] [Worker-Main-3/WARN] (Minecraft) Unable to load model: 'wizards:item/frost_scroll' referenced from: spell_engine:item/scroll: java.io.FileNotFoundException: wizards:models/item/frost_scroll.json
[09:00:10] [Worker-Main-3/WARN] (Minecraft) Unable to load model: 'archers_expansion:item/deadeye_scroll' referenced from: spell_engine:item/scroll: java.io.FileNotFoundException: archers_expansion:models/item/deadeye_scroll.json
[09:00:10] [Worker-Main-3/WARN] (Minecraft) Unable to load model: 'elemental_wizards_rpg:item/wind_scroll' referenced from: spell_engine:item/scroll: java.io.FileNotFoundException: elemental_wizards_rpg:models/item/wind_scroll.json
[09:00:10] [Worker-Main-3/WARN] (Minecraft) Unable to load model: 'paladins:item/priest_scroll' referenced from: spell_engine:item/scroll: java.io.FileNotFoundException: paladins:models/item/priest_scroll.json
[09:00:10] [Worker-Main-3/WARN] (Minecraft) Unable to load model: 'paladins:item/paladin_scroll' referenced from: spell_engine:item/scroll: java.io.FileNotFoundException: paladins:models/item/paladin_scroll.json
[09:00:10] [Worker-Main-3/WARN] (Minecraft) Unable to load model: 'elemental_wizards_rpg:item/terra_scroll' referenced from: spell_engine:item/scroll: java.io.FileNotFoundException: elemental_wizards_rpg:models/item/terra_scroll.json
[09:00:10] [Worker-Main-3/WARN] (Minecraft) Unable to load model: 'witcher_rpg:item/base_signs_scroll' referenced from: spell_engine:item/scroll: java.io.FileNotFoundException: witcher_rpg:models/item/base_signs_scroll.json
[09:00:10] [Worker-Main-3/WARN] (Minecraft) Unable to load model: 'witcher_rpg:item/enhanced_signs_scroll' referenced from: spell_engine:item/scroll: java.io.FileNotFoundException: witcher_rpg:models/item/enhanced_signs_scroll.json
[09:00:10] [Worker-Main-3/WARN] (Minecraft) Unable to load model: 'forcemaster_rpg:item/forcemaster_scroll' referenced from: spell_engine:item/scroll: java.io.FileNotFoundException: forcemaster_rpg:models/item/forcemaster_scroll.json
[09:00:10] [Worker-Main-3/WARN] (Minecraft) Unable to load model: 'witcher_rpg:item/fencing_scroll' referenced from: spell_engine:item/scroll: java.io.FileNotFoundException: witcher_rpg:models/item/fencing_scroll.json
[09:00:10] [Worker-Main-3/WARN] (Minecraft) Unable to load model: 'archers_expansion:item/war_archer_scroll' referenced from: spell_engine:item/scroll: java.io.FileNotFoundException: archers_expansion:models/item/war_archer_scroll.json
[09:00:10] [Worker-Main-3/WARN] (Minecraft) Unable to load model: 'berserker_rpg:item/berserker_scroll' referenced from: spell_engine:item/scroll: java.io.FileNotFoundException: berserker_rpg:models/item/berserker_scroll.json
[09:00:10] [Worker-Main-3/WARN] (Minecraft) Unable to load model: 'archers_expansion:item/tundra_hunter_scroll' referenced from: spell_engine:item/scroll: java.io.FileNotFoundException: archers_expansion:models/item/tundra_hunter_scroll.json
[09:00:10] [Worker-Main-3/WARN] (Minecraft) Unable to load model: 'archers:item/archer_scroll' referenced from: spell_engine:item/scroll: java.io.FileNotFoundException: archers:models/item/archer_scroll.json
[09:00:10] [Worker-Main-3/WARN] (Minecraft) Unable to load model: 'wizards:item/arcane_scroll' referenced from: spell_engine:item/scroll: java.io.FileNotFoundException: wizards:models/item/arcane_scroll.json
[09:00:10] [Worker-Main-3/WARN] (Minecraft) Unable to load model: 'wizards:item/fire_scroll' referenced from: spell_engine:item/scroll: java.io.FileNotFoundException: wizards:models/item/fire_scroll.json
[09:00:10] [Worker-Main-3/WARN] (Minecraft) Unable to load model: 'elemental_wizards_rpg:item/aqua_scroll' referenced from: spell_engine:item/scroll: java.io.FileNotFoundException: elemental_wizards_rpg:models/item/aqua_scroll.json
[09:00:10] [Worker-Main-3/WARN] (Minecraft) Unable to load model: 'rogues:item/warrior_scroll' referenced from: spell_engine:item/scroll: java.io.FileNotFoundException: rogues:models/item/warrior_scroll.json
[09:00:10] [Worker-Main-3/WARN] (Minecraft) Unable to load model: 'rogues:item/rogue_scroll' referenced from: spell_engine:item/scroll: java.io.FileNotFoundException: rogues:models/item/rogue_scroll.json
[09:00:10] [Worker-Main-3/WARN] (Minecraft) Unable to load model: 'demonhunter:item/havoc_spell_book' referenced from: demonhunter:item/havoc_spell_book: java.io.FileNotFoundException: demonhunter:models/item/havoc_spell_book.json
[09:00:11] [Render thread/WARN] (Minecraft) Missing sound for event: minecraft:item.goat_horn.play
[09:00:11] [Render thread/WARN] (Minecraft) Missing sound for event: minecraft:entity.goat.screaming.horn_break
[09:00:11] [Render thread/INFO] (Minecraft) OpenAL initialized on device MacBook Air Speakers
[09:00:11] [Render thread/INFO] (Minecraft) Sound engine started
[09:00:11] [Render thread/INFO] (Minecraft) Created: 2048x2048x4 minecraft:textures/atlas/blocks.png-atlas
[09:00:11] [Render thread/INFO] (Minecraft) Created: 256x256x4 minecraft:textures/atlas/signs.png-atlas
[09:00:11] [Render thread/INFO] (Minecraft) Created: 512x512x4 minecraft:textures/atlas/banner_patterns.png-atlas
[09:00:11] [Render thread/INFO] (Minecraft) Created: 512x512x4 minecraft:textures/atlas/shield_patterns.png-atlas
[09:00:11] [Render thread/INFO] (Minecraft) Created: 1024x1024x4 minecraft:textures/atlas/armor_trims.png-atlas
[09:00:11] [Render thread/INFO] (Minecraft) Created: 256x256x4 minecraft:textures/atlas/chest.png-atlas
[09:00:11] [Render thread/INFO] (Minecraft) Created: 128x64x4 minecraft:textures/atlas/decorated_pot.png-atlas
[09:00:11] [Render thread/INFO] (Minecraft) Created: 512x256x4 minecraft:textures/atlas/beds.png-atlas
[09:00:11] [Render thread/INFO] (Minecraft) Created: 512x256x4 minecraft:textures/atlas/shulker_boxes.png-atlas
[09:00:11] [Render thread/INFO] (Minecraft) Created: 1024x1024x0 minecraft:textures/atlas/particles.png-atlas
[09:00:11] [Render thread/INFO] (Minecraft) Created: 512x256x0 minecraft:textures/atlas/paintings.png-atlas
[09:00:11] [Render thread/INFO] (Minecraft) Created: 1024x1024x0 minecraft:textures/atlas/mob_effects.png-atlas
[09:00:11] [Render thread/INFO] (Minecraft) Created: 64x64x0 minecraft:textures/atlas/map_decorations.png-atlas
[09:00:11] [Render thread/INFO] (Minecraft) Created: 1024x512x0 minecraft:textures/atlas/gui.png-atlas
[09:00:11] [Render thread/WARN] (Minecraft) Shader rendertype_entity_translucent_emissive could not find sampler named Sampler2 in the specified shader program.
[09:00:20] [Render thread/INFO] (Minecraft) Loaded 1366 recipes
[09:00:20] [Render thread/INFO] (Minecraft) Loaded 1414 advancements
[09:00:21] [Render thread/INFO] (BiomeModificationImpl) Applied 0 biome modifications to 0 of 64 new biomes in 1.137 ms
[09:00:21] [Server thread/INFO] (Minecraft) [STDOUT]: Encoded SpellRegistry size (with package overhead): ??? bytes (in 1 string chunks with the size of 10000)
[09:00:21] [Server thread/INFO] (Minecraft) Starting integrated minecraft server version 1.21.1
[09:00:21] [Server thread/INFO] (Minecraft) Generating keypair
[09:00:28] [Server thread/INFO] (Minecraft) Preparing start region for dimension minecraft:overworld
[09:00:28] [Render thread/INFO] (Minecraft) Preparing spawn area: 0%
[09:00:28] [Render thread/INFO] (Minecraft) Preparing spawn area: 0%
[09:00:29] [Render thread/INFO] (Minecraft) Time elapsed: 870 ms
[09:00:29] [Server thread/WARN] (TranslationConventionLogWarnings) 
	Dev warning - Untranslated Item Tags detected. Please translate your item tags so other mods such as recipe viewers can properly display your tag's name.
	The format desired is tag.item.<namespace>.<path> for the translation key with slashes in path turned into periods.
	To disable this message, set this system property in your runs: `-Dfabric-tag-conventions-v2.missingTagTranslationWarning=SILENCED`.
	To see individual untranslated item tags found, set the system property to `-Dfabric-tag-conventions-v2.missingTagTranslationWarning=VERBOSE`.
	Default is `SHORT`.

[09:00:29] [Server thread/WARN] (ConventionLogWarnings) 
	Dev warning - Legacy Tags detected. Please migrate your old tags to our new format that follows better conventions!
	See classes under net.fabricmc.fabric.api.tag.convention.v2 package for all tags.

	NOTE: Many tags have been moved around or renamed. Some new ones were added so please review the new tags.
	And make sure you follow tag conventions for new tags! The convention is `c` with nouns generally being plural and adjectives being singular.
	You can disable this message by this system property to your runs: `-Dfabric-tag-conventions-v1.legacyTagWarning=SILENCED`.
	To see individual legacy tags found, set the system property to `-Dfabric-tag-conventions-v1.legacyTagWarning=VERBOSE` instead. Default is `SHORT`.

[09:00:29] [Server thread/INFO] (Minecraft) Changing view distance to 12, from 10
[09:00:29] [Server thread/INFO] (Minecraft) Changing simulation distance to 12, from 0
[09:00:30] [Server thread/INFO] (Minecraft) Player420[local:E:b5664841] logged in with entity id 25 at (7.511305780525647, 72.0, -105.97603188192699)
[09:00:30] [Server thread/INFO] (Minecraft) Player420 joined the game
[09:00:30] [Render thread/WARN] (Minecraft) Unknown recipe category: [!!!com.mojang.logging.LogUtils$1ToString@7c6b2a0=>java.lang.NullPointerException:Cannot invoke "Object.toString()" because the return value of "java.util.function.Supplier.get()" is null!!!]/runes:arcane_rune_medium_altar
[09:00:30] [Render thread/WARN] (Minecraft) Unknown recipe category: [!!!com.mojang.logging.LogUtils$1ToString@5d334708=>java.lang.NullPointerException:Cannot invoke "Object.toString()" because the return value of "java.util.function.Supplier.get()" is null!!!]/more_rpg_classes:terra_rune_small_altar
[09:00:30] [Render thread/WARN] (Minecraft) Unknown recipe category: [!!!com.mojang.logging.LogUtils$1ToString@29f7cb8a=>java.lang.NullPointerException:Cannot invoke "Object.toString()" because the return value of "java.util.function.Supplier.get()" is null!!!]/more_rpg_classes:storm_rune_small_altar
[09:00:30] [Render thread/WARN] (Minecraft) Unknown recipe category: [!!!com.mojang.logging.LogUtils$1ToString@20feff3d=>java.lang.NullPointerException:Cannot invoke "Object.toString()" because the return value of "java.util.function.Supplier.get()" is null!!!]/runes:frost_rune_medium_altar
[09:00:30] [Render thread/WARN] (Minecraft) Unknown recipe category: [!!!com.mojang.logging.LogUtils$1ToString@4bbabd2f=>java.lang.NullPointerException:Cannot invoke "Object.toString()" because the return value of "java.util.function.Supplier.get()" is null!!!]/more_rpg_classes:terra_rune_medium_altar
[09:00:30] [Render thread/WARN] (Minecraft) Unknown recipe category: [!!!com.mojang.logging.LogUtils$1ToString@63015a36=>java.lang.NullPointerException:Cannot invoke "Object.toString()" because the return value of "java.util.function.Supplier.get()" is null!!!]/more_rpg_classes:aqua_rune_medium_altar
[09:00:30] [Render thread/WARN] (Minecraft) Unknown recipe category: [!!!com.mojang.logging.LogUtils$1ToString@37d59a2b=>java.lang.NullPointerException:Cannot invoke "Object.toString()" because the return value of "java.util.function.Supplier.get()" is null!!!]/more_rpg_classes:aqua_rune_small_altar
[09:00:30] [Render thread/WARN] (Minecraft) Unknown recipe category: [!!!com.mojang.logging.LogUtils$1ToString@75ca5f8c=>java.lang.NullPointerException:Cannot invoke "Object.toString()" because the return value of "java.util.function.Supplier.get()" is null!!!]/runes:healing_rune_small_altar
[09:00:30] [Render thread/WARN] (Minecraft) Unknown recipe category: [!!!com.mojang.logging.LogUtils$1ToString@47de2155=>java.lang.NullPointerException:Cannot invoke "Object.toString()" because the return value of "java.util.function.Supplier.get()" is null!!!]/runes:fire_rune_medium_altar
[09:00:30] [Render thread/WARN] (Minecraft) Unknown recipe category: [!!!com.mojang.logging.LogUtils$1ToString@76a8fd8f=>java.lang.NullPointerException:Cannot invoke "Object.toString()" because the return value of "java.util.function.Supplier.get()" is null!!!]/runes:fire_rune_small_altar
[09:00:30] [Render thread/WARN] (Minecraft) Unknown recipe category: [!!!com.mojang.logging.LogUtils$1ToString@29e7f9d0=>java.lang.NullPointerException:Cannot invoke "Object.toString()" because the return value of "java.util.function.Supplier.get()" is null!!!]/runes:arcane_rune_small_altar
[09:00:30] [Render thread/WARN] (Minecraft) Unknown recipe category: [!!!com.mojang.logging.LogUtils$1ToString@fb03ad1=>java.lang.NullPointerException:Cannot invoke "Object.toString()" because the return value of "java.util.function.Supplier.get()" is null!!!]/runes:healing_rune_medium_altar
[09:00:30] [Render thread/WARN] (Minecraft) Unknown recipe category: [!!!com.mojang.logging.LogUtils$1ToString@4220f57e=>java.lang.NullPointerException:Cannot invoke "Object.toString()" because the return value of "java.util.function.Supplier.get()" is null!!!]/more_rpg_classes:storm_rune_medium_altar
[09:00:30] [Render thread/WARN] (Minecraft) Unknown recipe category: [!!!com.mojang.logging.LogUtils$1ToString@70e042ec=>java.lang.NullPointerException:Cannot invoke "Object.toString()" because the return value of "java.util.function.Supplier.get()" is null!!!]/runes:frost_rune_small_altar
[09:00:30] [Render thread/INFO] (Minecraft) Loaded 25 advancements
[09:00:40] [Render thread/INFO] (Minecraft) [STDERR]: java.lang.NullPointerException: Cannot invoke "dev.kosmx.playerAnim.core.data.KeyframeAnimation.mutableCopy()" because "animation" is null
[09:00:40] [Render thread/INFO] (Minecraft) [STDERR]: 	at knot//net.minecraft.client.network.AbstractClientPlayerEntity.playSpellAnimation(AbstractClientPlayerEntity.java:680)
[09:00:40] [Render thread/INFO] (Minecraft) [STDERR]: 	at knot//net.minecraft.client.network.AbstractClientPlayerEntity.updateCastingAnimation(AbstractClientPlayerEntity.java:584)
[09:00:40] [Render thread/INFO] (Minecraft) [STDERR]: 	at knot//net.minecraft.client.network.AbstractClientPlayerEntity.updateSpellCastAnimationsOnTick(AbstractClientPlayerEntity.java:577)
[09:00:40] [Render thread/INFO] (Minecraft) [STDERR]: 	at knot//net.minecraft.entity.player.PlayerEntity.handler$zdn001$spell_engine$tick_TAIL_SpellEngine(PlayerEntity.java:2501)
[09:00:40] [Render thread/INFO] (Minecraft) [STDERR]: 	at knot//net.minecraft.entity.player.PlayerEntity.tick(PlayerEntity.java:365)
[09:00:40] [Render thread/INFO] (Minecraft) [STDERR]: 	at knot//net.minecraft.client.network.AbstractClientPlayerEntity.tick(AbstractClientPlayerEntity.java:59)
[09:00:40] [Render thread/INFO] (Minecraft) [STDERR]: 	at knot//net.minecraft.client.network.ClientPlayerEntity.tick(ClientPlayerEntity.java:221)
[09:00:40] [Render thread/INFO] (Minecraft) [STDERR]: 	at knot//net.minecraft.client.world.ClientWorld.tickEntity(ClientWorld.java:278)
[09:00:40] [Render thread/INFO] (Minecraft) [STDERR]: 	at knot//net.minecraft.world.World.tickEntity(World.java:498)
[09:00:40] [Render thread/INFO] (Minecraft) [STDERR]: 	at knot//net.minecraft.client.world.ClientWorld.method_32124(ClientWorld.java:261)
[09:00:40] [Render thread/INFO] (Minecraft) [STDERR]: 	at knot//net.minecraft.world.EntityList.forEach(EntityList.java:54)
[09:00:40] [Render thread/INFO] (Minecraft) [STDERR]: 	at knot//net.minecraft.client.world.ClientWorld.tickEntities(ClientWorld.java:257)
[09:00:40] [Render thread/INFO] (Minecraft) [STDERR]: 	at knot//net.minecraft.client.MinecraftClient.tick(MinecraftClient.java:1956)
[09:00:40] [Render thread/INFO] (Minecraft) [STDERR]: 	at knot//net.minecraft.client.MinecraftClient.render(MinecraftClient.java:1246)
[09:00:40] [Render thread/INFO] (Minecraft) [STDERR]: 	at knot//net.minecraft.client.MinecraftClient.run(MinecraftClient.java:882)
[09:00:40] [Render thread/INFO] (Minecraft) [STDERR]: 	at knot//net.minecraft.client.main.Main.main(Main.java:256)
[09:00:40] [Render thread/INFO] (Minecraft) [STDERR]: 	at net.fabricmc.loader.impl.game.minecraft.MinecraftGameProvider.launch(MinecraftGameProvider.java:480)
[09:00:40] [Render thread/INFO] (Minecraft) [STDERR]: 	at net.fabricmc.loader.impl.launch.knot.Knot.launch(Knot.java:74)
[09:00:40] [Render thread/INFO] (Minecraft) [STDERR]: 	at net.fabricmc.loader.impl.launch.knot.KnotClient.main(KnotClient.java:23)
[09:00:40] [Render thread/INFO] (Minecraft) [STDERR]: 	at net.fabricmc.devlaunchinjector.Main.main(Main.java:86)
[09:00:41] [Render thread/INFO] (Minecraft) [STDERR]: java.lang.NullPointerException: Cannot invoke "dev.kosmx.playerAnim.core.data.KeyframeAnimation.mutableCopy()" because "animation" is null
[09:00:41] [Render thread/INFO] (Minecraft) [STDERR]: 	at knot//net.minecraft.client.network.AbstractClientPlayerEntity.playSpellAnimation(AbstractClientPlayerEntity.java:680)
[09:00:41] [Render thread/INFO] (Minecraft) [STDERR]: 	at knot//net.spell_engine.client.ClientNetwork.lambda$initializeHandlers$4(ClientNetwork.java:41)
[09:00:41] [Render thread/INFO] (Minecraft) [STDERR]: 	at knot//net.minecraft.util.thread.ThreadExecutor.executeTask(ThreadExecutor.java:162)
[09:00:41] [Render thread/INFO] (Minecraft) [STDERR]: 	at knot//net.minecraft.util.thread.ReentrantThreadExecutor.executeTask(ReentrantThreadExecutor.java:23)
[09:00:41] [Render thread/INFO] (Minecraft) [STDERR]: 	at knot//net.minecraft.util.thread.ThreadExecutor.runTask(ThreadExecutor.java:136)
[09:00:41] [Render thread/INFO] (Minecraft) [STDERR]: 	at knot//net.minecraft.util.thread.ThreadExecutor.runTasks(ThreadExecutor.java:121)
[09:00:41] [Render thread/INFO] (Minecraft) [STDERR]: 	at knot//net.minecraft.client.MinecraftClient.render(MinecraftClient.java:1240)
[09:00:41] [Render thread/INFO] (Minecraft) [STDERR]: 	at knot//net.minecraft.client.MinecraftClient.run(MinecraftClient.java:882)
[09:00:41] [Render thread/INFO] (Minecraft) [STDERR]: 	at knot//net.minecraft.client.main.Main.main(Main.java:256)
[09:00:41] [Render thread/INFO] (Minecraft) [STDERR]: 	at net.fabricmc.loader.impl.game.minecraft.MinecraftGameProvider.launch(MinecraftGameProvider.java:480)
[09:00:41] [Render thread/INFO] (Minecraft) [STDERR]: 	at net.fabricmc.loader.impl.launch.knot.Knot.launch(Knot.java:74)
[09:00:41] [Render thread/INFO] (Minecraft) [STDERR]: 	at net.fabricmc.loader.impl.launch.knot.KnotClient.main(KnotClient.java:23)
[09:00:41] [Render thread/INFO] (Minecraft) [STDERR]: 	at net.fabricmc.devlaunchinjector.Main.main(Main.java:86)
[09:00:42] [Render thread/INFO] (Minecraft) [STDERR]: java.lang.NullPointerException: Cannot invoke "dev.kosmx.playerAnim.core.data.KeyframeAnimation.mutableCopy()" because "animation" is null
[09:00:42] [Render thread/INFO] (Minecraft) [STDERR]: 	at knot//net.minecraft.client.network.AbstractClientPlayerEntity.playSpellAnimation(AbstractClientPlayerEntity.java:680)
[09:00:42] [Render thread/INFO] (Minecraft) [STDERR]: 	at knot//net.spell_engine.client.ClientNetwork.lambda$initializeHandlers$4(ClientNetwork.java:41)
[09:00:42] [Render thread/INFO] (Minecraft) [STDERR]: 	at knot//net.minecraft.util.thread.ThreadExecutor.executeTask(ThreadExecutor.java:162)
[09:00:42] [Render thread/INFO] (Minecraft) [STDERR]: 	at knot//net.minecraft.util.thread.ReentrantThreadExecutor.executeTask(ReentrantThreadExecutor.java:23)
[09:00:42] [Render thread/INFO] (Minecraft) [STDERR]: 	at knot//net.minecraft.util.thread.ThreadExecutor.runTask(ThreadExecutor.java:136)
[09:00:42] [Render thread/INFO] (Minecraft) [STDERR]: 	at knot//net.minecraft.util.thread.ThreadExecutor.runTasks(ThreadExecutor.java:121)
[09:00:42] [Render thread/INFO] (Minecraft) [STDERR]: 	at knot//net.minecraft.client.MinecraftClient.render(MinecraftClient.java:1240)
[09:00:42] [Render thread/INFO] (Minecraft) [STDERR]: 	at knot//net.minecraft.client.MinecraftClient.run(MinecraftClient.java:882)
[09:00:42] [Render thread/INFO] (Minecraft) [STDERR]: 	at knot//net.minecraft.client.main.Main.main(Main.java:256)
[09:00:42] [Render thread/INFO] (Minecraft) [STDERR]: 	at net.fabricmc.loader.impl.game.minecraft.MinecraftGameProvider.launch(MinecraftGameProvider.java:480)
[09:00:42] [Render thread/INFO] (Minecraft) [STDERR]: 	at net.fabricmc.loader.impl.launch.knot.Knot.launch(Knot.java:74)
[09:00:42] [Render thread/INFO] (Minecraft) [STDERR]: 	at net.fabricmc.loader.impl.launch.knot.KnotClient.main(KnotClient.java:23)
[09:00:42] [Render thread/INFO] (Minecraft) [STDERR]: 	at net.fabricmc.devlaunchinjector.Main.main(Main.java:86)
[09:00:42] [Render thread/INFO] (Minecraft) [STDERR]: java.lang.NullPointerException: Cannot invoke "dev.kosmx.playerAnim.core.data.KeyframeAnimation.mutableCopy()" because "animation" is null
[09:00:42] [Render thread/INFO] (Minecraft) [STDERR]: 	at knot//net.minecraft.client.network.AbstractClientPlayerEntity.playSpellAnimation(AbstractClientPlayerEntity.java:680)
[09:00:42] [Render thread/INFO] (Minecraft) [STDERR]: 	at knot//net.minecraft.client.network.AbstractClientPlayerEntity.updateCastingAnimation(AbstractClientPlayerEntity.java:584)
[09:00:42] [Render thread/INFO] (Minecraft) [STDERR]: 	at knot//net.minecraft.client.network.AbstractClientPlayerEntity.updateSpellCastAnimationsOnTick(AbstractClientPlayerEntity.java:577)
[09:00:42] [Render thread/INFO] (Minecraft) [STDERR]: 	at knot//net.minecraft.entity.player.PlayerEntity.handler$zdn001$spell_engine$tick_TAIL_SpellEngine(PlayerEntity.java:2501)
[09:00:42] [Render thread/INFO] (Minecraft) [STDERR]: 	at knot//net.minecraft.entity.player.PlayerEntity.tick(PlayerEntity.java:365)
[09:00:42] [Render thread/INFO] (Minecraft) [STDERR]: 	at knot//net.minecraft.client.network.AbstractClientPlayerEntity.tick(AbstractClientPlayerEntity.java:59)
[09:00:42] [Render thread/INFO] (Minecraft) [STDERR]: 	at knot//net.minecraft.client.network.ClientPlayerEntity.tick(ClientPlayerEntity.java:221)
[09:00:42] [Render thread/INFO] (Minecraft) [STDERR]: 	at knot//net.minecraft.client.world.ClientWorld.tickEntity(ClientWorld.java:278)
[09:00:42] [Render thread/INFO] (Minecraft) [STDERR]: 	at knot//net.minecraft.world.World.tickEntity(World.java:498)
[09:00:42] [Render thread/INFO] (Minecraft) [STDERR]: 	at knot//net.minecraft.client.world.ClientWorld.method_32124(ClientWorld.java:261)
[09:00:42] [Render thread/INFO] (Minecraft) [STDERR]: 	at knot//net.minecraft.world.EntityList.forEach(EntityList.java:54)
[09:00:42] [Render thread/INFO] (Minecraft) [STDERR]: 	at knot//net.minecraft.client.world.ClientWorld.tickEntities(ClientWorld.java:257)
[09:00:42] [Render thread/INFO] (Minecraft) [STDERR]: 	at knot//net.minecraft.client.MinecraftClient.tick(MinecraftClient.java:1956)
[09:00:42] [Render thread/INFO] (Minecraft) [STDERR]: 	at knot//net.minecraft.client.MinecraftClient.render(MinecraftClient.java:1246)
[09:00:42] [Render thread/INFO] (Minecraft) [STDERR]: 	at knot//net.minecraft.client.MinecraftClient.run(MinecraftClient.java:882)
[09:00:42] [Render thread/INFO] (Minecraft) [STDERR]: 	at knot//net.minecraft.client.main.Main.main(Main.java:256)
[09:00:42] [Render thread/INFO] (Minecraft) [STDERR]: 	at net.fabricmc.loader.impl.game.minecraft.MinecraftGameProvider.launch(MinecraftGameProvider.java:480)
[09:00:42] [Render thread/INFO] (Minecraft) [STDERR]: 	at net.fabricmc.loader.impl.launch.knot.Knot.launch(Knot.java:74)
[09:00:42] [Render thread/INFO] (Minecraft) [STDERR]: 	at net.fabricmc.loader.impl.launch.knot.KnotClient.main(KnotClient.java:23)
[09:00:42] [Render thread/INFO] (Minecraft) [STDERR]: 	at net.fabricmc.devlaunchinjector.Main.main(Main.java:86)
[09:00:43] [Render thread/INFO] (Minecraft) [STDERR]: java.lang.NullPointerException: Cannot invoke "dev.kosmx.playerAnim.core.data.KeyframeAnimation.mutableCopy()" because "animation" is null
[09:00:43] [Render thread/INFO] (Minecraft) [STDERR]: 	at knot//net.minecraft.client.network.AbstractClientPlayerEntity.playSpellAnimation(AbstractClientPlayerEntity.java:680)
[09:00:43] [Render thread/INFO] (Minecraft) [STDERR]: 	at knot//net.spell_engine.client.ClientNetwork.lambda$initializeHandlers$4(ClientNetwork.java:41)
[09:00:43] [Render thread/INFO] (Minecraft) [STDERR]: 	at knot//net.minecraft.util.thread.ThreadExecutor.executeTask(ThreadExecutor.java:162)
[09:00:43] [Render thread/INFO] (Minecraft) [STDERR]: 	at knot//net.minecraft.util.thread.ReentrantThreadExecutor.executeTask(ReentrantThreadExecutor.java:23)
[09:00:43] [Render thread/INFO] (Minecraft) [STDERR]: 	at knot//net.minecraft.util.thread.ThreadExecutor.runTask(ThreadExecutor.java:136)
[09:00:43] [Render thread/INFO] (Minecraft) [STDERR]: 	at knot//net.minecraft.util.thread.ThreadExecutor.runTasks(ThreadExecutor.java:121)
[09:00:43] [Render thread/INFO] (Minecraft) [STDERR]: 	at knot//net.minecraft.client.MinecraftClient.render(MinecraftClient.java:1240)
[09:00:43] [Render thread/INFO] (Minecraft) [STDERR]: 	at knot//net.minecraft.client.MinecraftClient.run(MinecraftClient.java:882)
[09:00:43] [Render thread/INFO] (Minecraft) [STDERR]: 	at knot//net.minecraft.client.main.Main.main(Main.java:256)
[09:00:43] [Render thread/INFO] (Minecraft) [STDERR]: 	at net.fabricmc.loader.impl.game.minecraft.MinecraftGameProvider.launch(MinecraftGameProvider.java:480)
[09:00:43] [Render thread/INFO] (Minecraft) [STDERR]: 	at net.fabricmc.loader.impl.launch.knot.Knot.launch(Knot.java:74)
[09:00:43] [Render thread/INFO] (Minecraft) [STDERR]: 	at net.fabricmc.loader.impl.launch.knot.KnotClient.main(KnotClient.java:23)
[09:00:43] [Render thread/INFO] (Minecraft) [STDERR]: 	at net.fabricmc.devlaunchinjector.Main.main(Main.java:86)
[09:00:44] [Render thread/INFO] (Minecraft) [STDERR]: java.lang.NullPointerException: Cannot invoke "dev.kosmx.playerAnim.core.data.KeyframeAnimation.mutableCopy()" because "animation" is null
[09:00:44] [Render thread/INFO] (Minecraft) [STDERR]: 	at knot//net.minecraft.client.network.AbstractClientPlayerEntity.playSpellAnimation(AbstractClientPlayerEntity.java:680)
[09:00:44] [Render thread/INFO] (Minecraft) [STDERR]: 	at knot//net.minecraft.client.network.AbstractClientPlayerEntity.updateCastingAnimation(AbstractClientPlayerEntity.java:584)
[09:00:44] [Render thread/INFO] (Minecraft) [STDERR]: 	at knot//net.minecraft.client.network.AbstractClientPlayerEntity.updateSpellCastAnimationsOnTick(AbstractClientPlayerEntity.java:577)
[09:00:44] [Render thread/INFO] (Minecraft) [STDERR]: 	at knot//net.minecraft.entity.player.PlayerEntity.handler$zdn001$spell_engine$tick_TAIL_SpellEngine(PlayerEntity.java:2501)
[09:00:44] [Render thread/INFO] (Minecraft) [STDERR]: 	at knot//net.minecraft.entity.player.PlayerEntity.tick(PlayerEntity.java:365)
[09:00:44] [Render thread/INFO] (Minecraft) [STDERR]: 	at knot//net.minecraft.client.network.AbstractClientPlayerEntity.tick(AbstractClientPlayerEntity.java:59)
[09:00:44] [Render thread/INFO] (Minecraft) [STDERR]: 	at knot//net.minecraft.client.network.ClientPlayerEntity.tick(ClientPlayerEntity.java:221)
[09:00:44] [Render thread/INFO] (Minecraft) [STDERR]: 	at knot//net.minecraft.client.world.ClientWorld.tickEntity(ClientWorld.java:278)
[09:00:44] [Render thread/INFO] (Minecraft) [STDERR]: 	at knot//net.minecraft.world.World.tickEntity(World.java:498)
[09:00:44] [Render thread/INFO] (Minecraft) [STDERR]: 	at knot//net.minecraft.client.world.ClientWorld.method_32124(ClientWorld.java:261)
[09:00:44] [Render thread/INFO] (Minecraft) [STDERR]: 	at knot//net.minecraft.world.EntityList.forEach(EntityList.java:54)
[09:00:44] [Render thread/INFO] (Minecraft) [STDERR]: 	at knot//net.minecraft.client.world.ClientWorld.tickEntities(ClientWorld.java:257)
[09:00:44] [Render thread/INFO] (Minecraft) [STDERR]: 	at knot//net.minecraft.client.MinecraftClient.tick(MinecraftClient.java:1956)
[09:00:44] [Render thread/INFO] (Minecraft) [STDERR]: 	at knot//net.minecraft.client.MinecraftClient.render(MinecraftClient.java:1246)
[09:00:44] [Render thread/INFO] (Minecraft) [STDERR]: 	at knot//net.minecraft.client.MinecraftClient.run(MinecraftClient.java:882)
[09:00:44] [Render thread/INFO] (Minecraft) [STDERR]: 	at knot//net.minecraft.client.main.Main.main(Main.java:256)
[09:00:44] [Render thread/INFO] (Minecraft) [STDERR]: 	at net.fabricmc.loader.impl.game.minecraft.MinecraftGameProvider.launch(MinecraftGameProvider.java:480)
[09:00:44] [Render thread/INFO] (Minecraft) [STDERR]: 	at net.fabricmc.loader.impl.launch.knot.Knot.launch(Knot.java:74)
[09:00:44] [Render thread/INFO] (Minecraft) [STDERR]: 	at net.fabricmc.loader.impl.launch.knot.KnotClient.main(KnotClient.java:23)
[09:00:44] [Render thread/INFO] (Minecraft) [STDERR]: 	at net.fabricmc.devlaunchinjector.Main.main(Main.java:86)
[09:01:07] [Server thread/INFO] (Minecraft) [Player420: Set own game mode to Creative Mode]
[09:01:07] [Render thread/INFO] (Minecraft) [System] [CHAT] Set own game mode to Creative Mode
[09:01:07] [Render thread/ERROR] (Minecraft) Unreported exception thrown!
java.lang.NullPointerException: Cannot invoke "net.minecraft.item.ItemConvertible.asItem()" because "item" is null
	at knot/net.minecraft.item.ItemStack.<init>(ItemStack.java:260) ~[minecraft-merged-105754eaba-1.21.1-net.fabricmc.yarn.1_21_1.1.21.1+build.3-v2.jar:?]
	at knot/net.minecraft.item.ItemStack.<init>(ItemStack.java:244) ~[minecraft-merged-105754eaba-1.21.1-net.fabricmc.yarn.1_21_1.1.21.1+build.3-v2.jar:?]
	at knot/net.minecraft.item.ItemGroup$Entries.add(ItemGroup.java:276) ~[minecraft-merged-105754eaba-1.21.1-net.fabricmc.yarn.1_21_1.1.21.1+build.3-v2.jar:?]
	at knot/victorstone.demonhunter.Demonhunter.lambda$onInitialize$1(Demonhunter.java:77) ~[main/:?]
	at java.base/java.util.ArrayList.forEach(ArrayList.java:1596) ~[?:?]
	at knot/victorstone.demonhunter.Demonhunter.lambda$onInitialize$2(Demonhunter.java:77) ~[main/:?]
	at knot/net.minecraft.item.ItemGroup.updateEntries(ItemGroup.java:102) ~[minecraft-merged-105754eaba-1.21.1-net.fabricmc.yarn.1_21_1.1.21.1+build.3-v2.jar:?]
	at knot/net.minecraft.item.ItemGroups.method_47338(ItemGroups.java:2166) ~[minecraft-merged-105754eaba-1.21.1-net.fabricmc.yarn.1_21_1.1.21.1+build.3-v2.jar:?]
	at java.base/java.util.stream.ForEachOps$ForEachOp$OfRef.accept(ForEachOps.java:184) ~[?:?]
	at java.base/java.util.stream.ReferencePipeline$2$1.accept(ReferencePipeline.java:179) ~[?:?]
	at java.base/java.util.Iterator.forEachRemaining(Iterator.java:133) ~[?:?]
	at java.base/java.util.Spliterators$IteratorSpliterator.forEachRemaining(Spliterators.java:1939) ~[?:?]
	at java.base/java.util.stream.AbstractPipeline.copyInto(AbstractPipeline.java:509) ~[?:?]
	at java.base/java.util.stream.AbstractPipeline.wrapAndCopyInto(AbstractPipeline.java:499) ~[?:?]
	at java.base/java.util.stream.ForEachOps$ForEachOp.evaluateSequential(ForEachOps.java:151) ~[?:?]
	at java.base/java.util.stream.ForEachOps$ForEachOp$OfRef.evaluateSequential(ForEachOps.java:174) ~[?:?]
	at java.base/java.util.stream.AbstractPipeline.evaluate(AbstractPipeline.java:234) ~[?:?]
	at java.base/java.util.stream.ReferencePipeline.forEach(ReferencePipeline.java:596) ~[?:?]
	at knot/net.minecraft.item.ItemGroups.updateEntries(ItemGroups.java:2166) ~[minecraft-merged-105754eaba-1.21.1-net.fabricmc.yarn.1_21_1.1.21.1+build.3-v2.jar:?]
	at knot/net.minecraft.item.ItemGroups.updateDisplayContext(ItemGroups.java:2177) ~[minecraft-merged-105754eaba-1.21.1-net.fabricmc.yarn.1_21_1.1.21.1+build.3-v2.jar:?]
	at knot/net.minecraft.client.gui.screen.ingame.CreativeInventoryScreen.populateDisplay(CreativeInventoryScreen.java:245) ~[minecraft-merged-105754eaba-1.21.1-net.fabricmc.yarn.1_21_1.1.21.1+build.3-v2.jar:?]
	at knot/net.minecraft.client.gui.screen.ingame.CreativeInventoryScreen.<init>(CreativeInventoryScreen.java:221) ~[minecraft-merged-105754eaba-1.21.1-net.fabricmc.yarn.1_21_1.1.21.1+build.3-v2.jar:?]
	at knot/net.minecraft.client.gui.screen.ingame.InventoryScreen.init(InventoryScreen.java:50) ~[minecraft-merged-105754eaba-1.21.1-net.fabricmc.yarn.1_21_1.1.21.1+build.3-v2.jar:?]
	at knot/net.minecraft.client.gui.screen.Screen.init(Screen.java:309) ~[minecraft-merged-105754eaba-1.21.1-net.fabricmc.yarn.1_21_1.1.21.1+build.3-v2.jar:?]
	at knot/net.minecraft.client.MinecraftClient.setScreen(MinecraftClient.java:1143) ~[minecraft-merged-105754eaba-1.21.1-net.fabricmc.yarn.1_21_1.1.21.1+build.3-v2.jar:?]
	at knot/net.minecraft.client.MinecraftClient.handleInputEvents(MinecraftClient.java:2068) ~[minecraft-merged-105754eaba-1.21.1-net.fabricmc.yarn.1_21_1.1.21.1+build.3-v2.jar:?]
	at knot/net.minecraft.client.MinecraftClient.tick(MinecraftClient.java:1938) ~[minecraft-merged-105754eaba-1.21.1-net.fabricmc.yarn.1_21_1.1.21.1+build.3-v2.jar:?]
	at knot/net.minecraft.client.MinecraftClient.render(MinecraftClient.java:1246) ~[minecraft-merged-105754eaba-1.21.1-net.fabricmc.yarn.1_21_1.1.21.1+build.3-v2.jar:?]
	at knot/net.minecraft.client.MinecraftClient.run(MinecraftClient.java:882) [minecraft-merged-105754eaba-1.21.1-net.fabricmc.yarn.1_21_1.1.21.1+build.3-v2.jar:?]
	at knot/net.minecraft.client.main.Main.main(Main.java:256) [minecraft-merged-105754eaba-1.21.1-net.fabricmc.yarn.1_21_1.1.21.1+build.3-v2.jar:?]
	at net.fabricmc.loader.impl.game.minecraft.MinecraftGameProvider.launch(MinecraftGameProvider.java:480) [fabric-loader-0.16.14.jar:?]
	at net.fabricmc.loader.impl.launch.knot.Knot.launch(Knot.java:74) [fabric-loader-0.16.14.jar:?]
	at net.fabricmc.loader.impl.launch.knot.KnotClient.main(KnotClient.java:23) [fabric-loader-0.16.14.jar:?]
	at net.fabricmc.devlaunchinjector.Main.main(Main.java:86) [dev-launch-injector-0.2.1+build.8.jar:?]
[09:01:08] [Server thread/INFO] (Minecraft) Stopping server
[09:01:08] [Server thread/INFO] (Minecraft) Saving players
[09:01:08] [Server thread/INFO] (Minecraft) Saving worlds
[09:01:08] [Server thread/INFO] (Minecraft) Saving chunks for level 'ServerLevel[New World]'/minecraft:overworld
[09:01:08] [Server thread/INFO] (Minecraft) Saving chunks for level 'ServerLevel[New World]'/minecraft:the_end
[09:01:08] [Server thread/INFO] (Minecraft) Saving chunks for level 'ServerLevel[New World]'/minecraft:the_nether
[09:01:08] [Server thread/INFO] (Minecraft) ThreadedAnvilChunkStorage (New World): All chunks are saved
[09:01:08] [Server thread/INFO] (Minecraft) ThreadedAnvilChunkStorage (DIM1): All chunks are saved
[09:01:08] [Server thread/INFO] (Minecraft) ThreadedAnvilChunkStorage (DIM-1): All chunks are saved
[09:01:08] [Server thread/INFO] (Minecraft) ThreadedAnvilChunkStorage: All dimensions are saved
